2021-12-14 22:10:44,769 INFO org.hibernate.validator.internal.util.Version [background-preinit] HV000001: Hibernate Validator 6.2.0.Final
2021-12-14 22:10:44,776 INFO com.ibm.academia.banrul.BanrulApplication [restartedMain] Starting BanrulApplication using Java 17 on DESKTOP-RCR7D1D with PID 24932 (D:\Mis_Cosas\Mis Documentos\Programas\STS_Workspace\Banrul\target\classes started by Raul in D:\Mis_Cosas\Mis Documentos\Programas\STS_Workspace\Banrul)
2021-12-14 22:10:44,777 INFO com.ibm.academia.banrul.BanrulApplication [restartedMain] No active profile set, falling back to default profiles: default
2021-12-14 22:10:44,821 INFO org.springframework.boot.devtools.env.DevToolsPropertyDefaultsPostProcessor [restartedMain] Devtools property defaults active! Set 'spring.devtools.add-properties' to 'false' to disable
2021-12-14 22:10:44,822 INFO org.springframework.boot.devtools.env.DevToolsPropertyDefaultsPostProcessor [restartedMain] For additional web related logging consider setting the 'logging.level.web' property to 'DEBUG'
2021-12-14 22:10:45,420 INFO org.springframework.data.repository.config.RepositoryConfigurationDelegate [restartedMain] Bootstrapping Spring Data JPA repositories in DEFAULT mode.
2021-12-14 22:10:45,464 INFO org.springframework.data.repository.config.RepositoryConfigurationDelegate [restartedMain] Finished Spring Data repository scanning in 37 ms. Found 1 JPA repository interfaces.
2021-12-14 22:10:46,002 INFO org.springframework.boot.web.embedded.tomcat.TomcatWebServer [restartedMain] Tomcat initialized with port(s): 8081 (http)
2021-12-14 22:10:46,012 INFO org.apache.coyote.http11.Http11NioProtocol [restartedMain] Initializing ProtocolHandler ["http-nio-8081"]
2021-12-14 22:10:46,012 INFO org.apache.catalina.core.StandardService [restartedMain] Starting service [Tomcat]
2021-12-14 22:10:46,013 INFO org.apache.catalina.core.StandardEngine [restartedMain] Starting Servlet engine: [Apache Tomcat/9.0.55]
2021-12-14 22:10:46,111 INFO org.apache.catalina.core.ContainerBase.[Tomcat].[localhost].[/] [restartedMain] Initializing Spring embedded WebApplicationContext
2021-12-14 22:10:46,111 INFO org.springframework.boot.web.servlet.context.ServletWebServerApplicationContext [restartedMain] Root WebApplicationContext: initialization completed in 1288 ms
2021-12-14 22:10:46,139 INFO com.zaxxer.hikari.HikariDataSource [restartedMain] HikariPool-1 - Starting...
2021-12-14 22:10:46,317 INFO com.zaxxer.hikari.HikariDataSource [restartedMain] HikariPool-1 - Start completed.
2021-12-14 22:10:46,325 INFO org.springframework.boot.autoconfigure.h2.H2ConsoleAutoConfiguration [restartedMain] H2 console available at '/h2-console'. Database available at 'jdbc:h2:mem:fae3a42b-6b5a-4132-b42b-11f58b42f26c'
2021-12-14 22:10:46,438 INFO org.hibernate.jpa.internal.util.LogHelper [restartedMain] HHH000204: Processing PersistenceUnitInfo [name: default]
2021-12-14 22:10:46,487 INFO org.hibernate.Version [restartedMain] HHH000412: Hibernate ORM core version 5.4.32.Final
2021-12-14 22:10:46,595 INFO org.hibernate.annotations.common.Version [restartedMain] HCANN000001: Hibernate Commons Annotations {5.1.2.Final}
2021-12-14 22:10:46,701 INFO org.hibernate.dialect.Dialect [restartedMain] HHH000400: Using dialect: org.hibernate.dialect.H2Dialect
2021-12-14 22:10:47,200 INFO org.hibernate.engine.transaction.jta.platform.internal.JtaPlatformInitiator [restartedMain] HHH000490: Using JtaPlatform implementation: [org.hibernate.engine.transaction.jta.platform.internal.NoJtaPlatform]
2021-12-14 22:10:47,207 INFO org.springframework.orm.jpa.LocalContainerEntityManagerFactoryBean [restartedMain] Initialized JPA EntityManagerFactory for persistence unit 'default'
2021-12-14 22:10:47,590 WARN org.springframework.boot.autoconfigure.orm.jpa.JpaBaseConfiguration$JpaWebConfiguration [restartedMain] spring.jpa.open-in-view is enabled by default. Therefore, database queries may be performed during view rendering. Explicitly configure spring.jpa.open-in-view to disable this warning
2021-12-14 22:10:47,828 INFO org.springframework.boot.devtools.autoconfigure.OptionalLiveReloadServer [restartedMain] LiveReload server is running on port 35729
2021-12-14 22:10:47,839 INFO org.apache.coyote.http11.Http11NioProtocol [restartedMain] Starting ProtocolHandler ["http-nio-8081"]
2021-12-14 22:10:47,878 INFO org.springframework.boot.web.embedded.tomcat.TomcatWebServer [restartedMain] Tomcat started on port(s): 8081 (http) with context path ''
2021-12-14 22:10:47,886 INFO com.ibm.academia.banrul.BanrulApplication [restartedMain] Started BanrulApplication in 3.465 seconds (JVM running for 4.468)
2021-12-14 22:10:47,933 INFO com.ibm.academia.banrul.repositories.CargaBaseDatos [restartedMain] Carga Shopping 1.1.1: TarjetaCredito(id=1, nombre=B*Smart, uso=SHOPPING, salarioMinimo=7000, salarioMaximo=14999, edadMinima=18, edadMaxima=23, fechaAlta=Tue Dec 14 22:10:47 CST 2021, fechaModificacion=null)
2021-12-14 22:10:47,934 INFO com.ibm.academia.banrul.repositories.CargaBaseDatos [restartedMain] Carga Shopping 1.1.1: TarjetaCredito(id=2, nombre=Afinity Card, uso=SHOPPING, salarioMinimo=7000, salarioMaximo=14999, edadMinima=18, edadMaxima=23, fechaAlta=Tue Dec 14 22:10:47 CST 2021, fechaModificacion=null)
2021-12-14 22:10:47,935 INFO com.ibm.academia.banrul.repositories.CargaBaseDatos [restartedMain] Carga Shopping 1.1.2: TarjetaCredito(id=3, nombre=B*Smart, uso=SHOPPING, salarioMinimo=7000, salarioMaximo=14999, edadMinima=24, edadMaxima=32, fechaAlta=Tue Dec 14 22:10:47 CST 2021, fechaModificacion=null)
2021-12-14 22:10:47,936 INFO com.ibm.academia.banrul.repositories.CargaBaseDatos [restartedMain] Carga Shopping 1.1.2: TarjetaCredito(id=4, nombre=Clasica, uso=SHOPPING, salarioMinimo=7000, salarioMaximo=14999, edadMinima=24, edadMaxima=32, fechaAlta=Tue Dec 14 22:10:47 CST 2021, fechaModificacion=null)
2021-12-14 22:10:47,937 INFO com.ibm.academia.banrul.repositories.CargaBaseDatos [restartedMain] Carga Shopping 1.1.2: TarjetaCredito(id=5, nombre=Afinity Card, uso=SHOPPING, salarioMinimo=7000, salarioMaximo=14999, edadMinima=24, edadMaxima=32, fechaAlta=Tue Dec 14 22:10:47 CST 2021, fechaModificacion=null)
2021-12-14 22:10:47,937 INFO com.ibm.academia.banrul.repositories.CargaBaseDatos [restartedMain] Carga Shopping 1.1.2: TarjetaCredito(id=6, nombre=Office Depot, uso=SHOPPING, salarioMinimo=7000, salarioMaximo=14999, edadMinima=24, edadMaxima=32, fechaAlta=Tue Dec 14 22:10:47 CST 2021, fechaModificacion=null)
2021-12-14 22:10:47,938 INFO com.ibm.academia.banrul.repositories.CargaBaseDatos [restartedMain] Carga Shopping 1.1.2: TarjetaCredito(id=7, nombre=Costco, uso=SHOPPING, salarioMinimo=7000, salarioMaximo=14999, edadMinima=24, edadMaxima=32, fechaAlta=Tue Dec 14 22:10:47 CST 2021, fechaModificacion=null)
2021-12-14 22:10:47,939 INFO com.ibm.academia.banrul.repositories.CargaBaseDatos [restartedMain] Carga Shopping 1.1.2: TarjetaCredito(id=8, nombre=Best Buy Banamex, uso=SHOPPING, salarioMinimo=7000, salarioMaximo=14999, edadMinima=24, edadMaxima=32, fechaAlta=Tue Dec 14 22:10:47 CST 2021, fechaModificacion=null)
2021-12-14 22:10:47,939 INFO com.ibm.academia.banrul.repositories.CargaBaseDatos [restartedMain] Carga Shopping 1.1.2: TarjetaCredito(id=9, nombre=The Home Depot, uso=SHOPPING, salarioMinimo=7000, salarioMaximo=14999, edadMinima=24, edadMaxima=32, fechaAlta=Tue Dec 14 22:10:47 CST 2021, fechaModificacion=null)
2021-12-14 22:10:47,940 INFO com.ibm.academia.banrul.repositories.CargaBaseDatos [restartedMain] Carga Shopping 1.1.3: TarjetaCredito(id=10, nombre=Clasica, uso=SHOPPING, salarioMinimo=7000, salarioMaximo=14999, edadMinima=33, edadMaxima=75, fechaAlta=Tue Dec 14 22:10:47 CST 2021, fechaModificacion=null)
2021-12-14 22:10:47,941 INFO com.ibm.academia.banrul.repositories.CargaBaseDatos [restartedMain] Carga Shopping 1.1.3: TarjetaCredito(id=11, nombre=Office Depot, uso=SHOPPING, salarioMinimo=7000, salarioMaximo=14999, edadMinima=33, edadMaxima=75, fechaAlta=Tue Dec 14 22:10:47 CST 2021, fechaModificacion=null)
2021-12-14 22:10:47,941 INFO com.ibm.academia.banrul.repositories.CargaBaseDatos [restartedMain] Carga Shopping 1.1.3: TarjetaCredito(id=12, nombre=Costco, uso=SHOPPING, salarioMinimo=7000, salarioMaximo=14999, edadMinima=33, edadMaxima=75, fechaAlta=Tue Dec 14 22:10:47 CST 2021, fechaModificacion=null)
2021-12-14 22:10:47,942 INFO com.ibm.academia.banrul.repositories.CargaBaseDatos [restartedMain] Carga Shopping 1.1.3: TarjetaCredito(id=13, nombre=Best Buy Banamex, uso=SHOPPING, salarioMinimo=7000, salarioMaximo=14999, edadMinima=33, edadMaxima=75, fechaAlta=Tue Dec 14 22:10:47 CST 2021, fechaModificacion=null)
2021-12-14 22:10:47,943 INFO com.ibm.academia.banrul.repositories.CargaBaseDatos [restartedMain] Carga Shopping 1.1.3: TarjetaCredito(id=14, nombre=The Home Depot, uso=SHOPPING, salarioMinimo=7000, salarioMaximo=14999, edadMinima=33, edadMaxima=75, fechaAlta=Tue Dec 14 22:10:47 CST 2021, fechaModificacion=null)
2021-12-14 22:10:47,944 INFO com.ibm.academia.banrul.repositories.CargaBaseDatos [restartedMain] Carga Shopping 1.2.1: TarjetaCredito(id=15, nombre=B*Smart, uso=SHOPPING, salarioMinimo=15000, salarioMaximo=34999, edadMinima=18, edadMaxima=23, fechaAlta=Tue Dec 14 22:10:47 CST 2021, fechaModificacion=null)
2021-12-14 22:10:47,946 INFO com.ibm.academia.banrul.repositories.CargaBaseDatos [restartedMain] Carga Shopping 1.2.1: TarjetaCredito(id=16, nombre=Afinity Card, uso=SHOPPING, salarioMinimo=15000, salarioMaximo=34999, edadMinima=18, edadMaxima=23, fechaAlta=Tue Dec 14 22:10:47 CST 2021, fechaModificacion=null)
2021-12-14 22:10:47,947 INFO com.ibm.academia.banrul.repositories.CargaBaseDatos [restartedMain] Carga Shopping 1.2.2: TarjetaCredito(id=17, nombre=Oro, uso=SHOPPING, salarioMinimo=15000, salarioMaximo=34999, edadMinima=24, edadMaxima=32, fechaAlta=Tue Dec 14 22:10:47 CST 2021, fechaModificacion=null)
2021-12-14 22:10:47,947 INFO com.ibm.academia.banrul.repositories.CargaBaseDatos [restartedMain] Carga Shopping 1.2.2: TarjetaCredito(id=18, nombre=Afinity Card, uso=SHOPPING, salarioMinimo=15000, salarioMaximo=34999, edadMinima=24, edadMaxima=32, fechaAlta=Tue Dec 14 22:10:47 CST 2021, fechaModificacion=null)
2021-12-14 22:10:47,948 INFO com.ibm.academia.banrul.repositories.CargaBaseDatos [restartedMain] Carga Shopping 1.2.2: TarjetaCredito(id=19, nombre=Office Depot, uso=SHOPPING, salarioMinimo=15000, salarioMaximo=34999, edadMinima=24, edadMaxima=32, fechaAlta=Tue Dec 14 22:10:47 CST 2021, fechaModificacion=null)
2021-12-14 22:10:47,949 INFO com.ibm.academia.banrul.repositories.CargaBaseDatos [restartedMain] Carga Shopping 1.2.2: TarjetaCredito(id=20, nombre=Costco, uso=SHOPPING, salarioMinimo=15000, salarioMaximo=34999, edadMinima=24, edadMaxima=32, fechaAlta=Tue Dec 14 22:10:47 CST 2021, fechaModificacion=null)
2021-12-14 22:10:47,949 INFO com.ibm.academia.banrul.repositories.CargaBaseDatos [restartedMain] Carga Shopping 1.2.2: TarjetaCredito(id=21, nombre=Best Buy Banamex, uso=SHOPPING, salarioMinimo=15000, salarioMaximo=34999, edadMinima=24, edadMaxima=32, fechaAlta=Tue Dec 14 22:10:47 CST 2021, fechaModificacion=null)
2021-12-14 22:10:47,950 INFO com.ibm.academia.banrul.repositories.CargaBaseDatos [restartedMain] Carga Shopping 1.2.2: TarjetaCredito(id=22, nombre=The Home Depot, uso=SHOPPING, salarioMinimo=15000, salarioMaximo=34999, edadMinima=24, edadMaxima=32, fechaAlta=Tue Dec 14 22:10:47 CST 2021, fechaModificacion=null)
2021-12-14 22:10:47,951 INFO com.ibm.academia.banrul.repositories.CargaBaseDatos [restartedMain] Carga Shopping 1.2.3: TarjetaCredito(id=23, nombre=Oro, uso=SHOPPING, salarioMinimo=15000, salarioMaximo=34999, edadMinima=33, edadMaxima=75, fechaAlta=Tue Dec 14 22:10:47 CST 2021, fechaModificacion=null)
2021-12-14 22:10:47,951 INFO com.ibm.academia.banrul.repositories.CargaBaseDatos [restartedMain] Carga Shopping 1.2.3: TarjetaCredito(id=24, nombre=Office Depot, uso=SHOPPING, salarioMinimo=15000, salarioMaximo=34999, edadMinima=33, edadMaxima=75, fechaAlta=Tue Dec 14 22:10:47 CST 2021, fechaModificacion=null)
2021-12-14 22:10:47,952 INFO com.ibm.academia.banrul.repositories.CargaBaseDatos [restartedMain] Carga Shopping 1.2.3: TarjetaCredito(id=25, nombre=Costco, uso=SHOPPING, salarioMinimo=15000, salarioMaximo=34999, edadMinima=33, edadMaxima=75, fechaAlta=Tue Dec 14 22:10:47 CST 2021, fechaModificacion=null)
2021-12-14 22:10:47,953 INFO com.ibm.academia.banrul.repositories.CargaBaseDatos [restartedMain] Carga Shopping 1.2.3: TarjetaCredito(id=26, nombre=Best Buy Banamex, uso=SHOPPING, salarioMinimo=15000, salarioMaximo=34999, edadMinima=33, edadMaxima=75, fechaAlta=Tue Dec 14 22:10:47 CST 2021, fechaModificacion=null)
2021-12-14 22:10:47,953 INFO com.ibm.academia.banrul.repositories.CargaBaseDatos [restartedMain] Carga Shopping 1.2.3: TarjetaCredito(id=27, nombre=The Home Depot, uso=SHOPPING, salarioMinimo=15000, salarioMaximo=34999, edadMinima=33, edadMaxima=75, fechaAlta=Tue Dec 14 22:10:47 CST 2021, fechaModificacion=null)
2021-12-14 22:10:47,954 INFO com.ibm.academia.banrul.repositories.CargaBaseDatos [restartedMain] Carga Shopping 1.3.1: TarjetaCredito(id=28, nombre=B*Smart, uso=SHOPPING, salarioMinimo=35000, salarioMaximo=49999, edadMinima=18, edadMaxima=23, fechaAlta=Tue Dec 14 22:10:47 CST 2021, fechaModificacion=null)
2021-12-14 22:10:47,955 INFO com.ibm.academia.banrul.repositories.CargaBaseDatos [restartedMain] Carga Shopping 1.3.1: TarjetaCredito(id=29, nombre=Afinity Card, uso=SHOPPING, salarioMinimo=35000, salarioMaximo=49999, edadMinima=18, edadMaxima=23, fechaAlta=Tue Dec 14 22:10:47 CST 2021, fechaModificacion=null)
2021-12-14 22:10:47,955 INFO com.ibm.academia.banrul.repositories.CargaBaseDatos [restartedMain] Carga Shopping 1.3.2: TarjetaCredito(id=30, nombre=Platinum, uso=SHOPPING, salarioMinimo=35000, salarioMaximo=49999, edadMinima=24, edadMaxima=75, fechaAlta=Tue Dec 14 22:10:47 CST 2021, fechaModificacion=null)
2021-12-14 22:10:47,956 INFO com.ibm.academia.banrul.repositories.CargaBaseDatos [restartedMain] Carga Shopping 1.3.2: TarjetaCredito(id=31, nombre=Office Depot, uso=SHOPPING, salarioMinimo=35000, salarioMaximo=49999, edadMinima=24, edadMaxima=75, fechaAlta=Tue Dec 14 22:10:47 CST 2021, fechaModificacion=null)
2021-12-14 22:10:47,957 INFO com.ibm.academia.banrul.repositories.CargaBaseDatos [restartedMain] Carga Shopping 1.3.2: TarjetaCredito(id=32, nombre=Costco, uso=SHOPPING, salarioMinimo=35000, salarioMaximo=49999, edadMinima=24, edadMaxima=75, fechaAlta=Tue Dec 14 22:10:47 CST 2021, fechaModificacion=null)
2021-12-14 22:10:47,957 INFO com.ibm.academia.banrul.repositories.CargaBaseDatos [restartedMain] Carga Shopping 1.3.2: TarjetaCredito(id=33, nombre=Best Buy Banamex, uso=SHOPPING, salarioMinimo=35000, salarioMaximo=49999, edadMinima=24, edadMaxima=75, fechaAlta=Tue Dec 14 22:10:47 CST 2021, fechaModificacion=null)
2021-12-14 22:10:47,958 INFO com.ibm.academia.banrul.repositories.CargaBaseDatos [restartedMain] Carga Shopping 1.3.2: TarjetaCredito(id=34, nombre=The Home Depot, uso=SHOPPING, salarioMinimo=35000, salarioMaximo=49999, edadMinima=24, edadMaxima=75, fechaAlta=Tue Dec 14 22:10:47 CST 2021, fechaModificacion=null)
2021-12-14 22:10:47,959 INFO com.ibm.academia.banrul.repositories.CargaBaseDatos [restartedMain] Carga Shopping 1.4.1: TarjetaCredito(id=35, nombre=B*Smart, uso=SHOPPING, salarioMinimo=50000, salarioMaximo=2147483647, edadMinima=18, edadMaxima=23, fechaAlta=Tue Dec 14 22:10:47 CST 2021, fechaModificacion=null)
2021-12-14 22:10:47,960 INFO com.ibm.academia.banrul.repositories.CargaBaseDatos [restartedMain] Carga Shopping 1.4.1: TarjetaCredito(id=36, nombre=Afinity Card, uso=SHOPPING, salarioMinimo=50000, salarioMaximo=2147483647, edadMinima=18, edadMaxima=23, fechaAlta=Tue Dec 14 22:10:47 CST 2021, fechaModificacion=null)
2021-12-14 22:10:47,960 INFO com.ibm.academia.banrul.repositories.CargaBaseDatos [restartedMain] Carga Shopping 1.4.2: TarjetaCredito(id=37, nombre=Platinum, uso=SHOPPING, salarioMinimo=50000, salarioMaximo=2147483647, edadMinima=24, edadMaxima=75, fechaAlta=Tue Dec 14 22:10:47 CST 2021, fechaModificacion=null)
2021-12-14 22:10:47,961 INFO com.ibm.academia.banrul.repositories.CargaBaseDatos [restartedMain] Carga Travels 2.1.1: TarjetaCredito(id=38, nombre=Citi / AAdvantage, uso=TRAVELS, salarioMinimo=12000, salarioMaximo=29999, edadMinima=18, edadMaxima=75, fechaAlta=Tue Dec 14 22:10:47 CST 2021, fechaModificacion=null)
2021-12-14 22:10:47,962 INFO com.ibm.academia.banrul.repositories.CargaBaseDatos [restartedMain] Carga Travels 2.2.1: TarjetaCredito(id=39, nombre=Citi / AAdvantage, uso=TRAVELS, salarioMinimo=30000, salarioMaximo=34999, edadMinima=18, edadMaxima=23, fechaAlta=Tue Dec 14 22:10:47 CST 2021, fechaModificacion=null)
2021-12-14 22:10:47,963 INFO com.ibm.academia.banrul.repositories.CargaBaseDatos [restartedMain] Carga Travels 2.2.2: TarjetaCredito(id=40, nombre=Citi / AAdvantage, uso=TRAVELS, salarioMinimo=30000, salarioMaximo=34999, edadMinima=24, edadMaxima=75, fechaAlta=Tue Dec 14 22:10:47 CST 2021, fechaModificacion=null)
2021-12-14 22:10:47,963 INFO com.ibm.academia.banrul.repositories.CargaBaseDatos [restartedMain] Carga Travels 2.2.2: TarjetaCredito(id=41, nombre=Platinum, uso=TRAVELS, salarioMinimo=30000, salarioMaximo=34999, edadMinima=24, edadMaxima=75, fechaAlta=Tue Dec 14 22:10:47 CST 2021, fechaModificacion=null)
2021-12-14 22:10:47,964 INFO com.ibm.academia.banrul.repositories.CargaBaseDatos [restartedMain] Carga Travels 2.3.1: TarjetaCredito(id=42, nombre=Citi / AAdvantage, uso=TRAVELS, salarioMinimo=35000, salarioMaximo=49999, edadMinima=18, edadMaxima=23, fechaAlta=Tue Dec 14 22:10:47 CST 2021, fechaModificacion=null)
2021-12-14 22:10:47,965 INFO com.ibm.academia.banrul.repositories.CargaBaseDatos [restartedMain] Carga Travels 2.3.2: TarjetaCredito(id=43, nombre=Citi / AAdvantage, uso=TRAVELS, salarioMinimo=35000, salarioMaximo=49999, edadMinima=24, edadMaxima=75, fechaAlta=Tue Dec 14 22:10:47 CST 2021, fechaModificacion=null)
2021-12-14 22:10:47,965 INFO com.ibm.academia.banrul.repositories.CargaBaseDatos [restartedMain] Carga Travels 2.3.2: TarjetaCredito(id=44, nombre=Platinum, uso=TRAVELS, salarioMinimo=35000, salarioMaximo=49999, edadMinima=24, edadMaxima=75, fechaAlta=Tue Dec 14 22:10:47 CST 2021, fechaModificacion=null)
2021-12-14 22:10:47,966 INFO com.ibm.academia.banrul.repositories.CargaBaseDatos [restartedMain] Carga Travels 2.4.1: TarjetaCredito(id=45, nombre=Citi / AAdvantage, uso=TRAVELS, salarioMinimo=50000, salarioMaximo=2147483647, edadMinima=18, edadMaxima=22, fechaAlta=Tue Dec 14 22:10:47 CST 2021, fechaModificacion=null)
2021-12-14 22:10:47,966 INFO com.ibm.academia.banrul.repositories.CargaBaseDatos [restartedMain] Carga Travels 2.4.2: TarjetaCredito(id=46, nombre=Platinum, uso=TRAVELS, salarioMinimo=50000, salarioMaximo=2147483647, edadMinima=23, edadMaxima=75, fechaAlta=Tue Dec 14 22:10:47 CST 2021, fechaModificacion=null)
2021-12-14 22:10:47,967 INFO com.ibm.academia.banrul.repositories.CargaBaseDatos [restartedMain] Carga Help 3.1.1: TarjetaCredito(id=47, nombre=Banamex Teleton, uso=HELP, salarioMinimo=12000, salarioMaximo=2147483647, edadMinima=18, edadMaxima=75, fechaAlta=Tue Dec 14 22:10:47 CST 2021, fechaModificacion=null)
2021-12-14 22:10:47,968 INFO com.ibm.academia.banrul.repositories.CargaBaseDatos [restartedMain] Carga Help 3.1.1: TarjetaCredito(id=48, nombre=APAC, uso=HELP, salarioMinimo=12000, salarioMaximo=2147483647, edadMinima=18, edadMaxima=75, fechaAlta=Tue Dec 14 22:10:47 CST 2021, fechaModificacion=null)
2021-12-14 22:10:47,970 INFO com.ibm.academia.banrul.repositories.CargaBaseDatos [restartedMain] Carga My business 4.1.1: TarjetaCredito(id=49, nombre=Office Depot, uso=MY BUSINESS, salarioMinimo=7000, salarioMaximo=2147483647, edadMinima=18, edadMaxima=75, fechaAlta=Tue Dec 14 22:10:47 CST 2021, fechaModificacion=null)
2021-12-14 22:10:47,970 INFO com.ibm.academia.banrul.repositories.CargaBaseDatos [restartedMain] Carga My business 4.1.1: TarjetaCredito(id=50, nombre=Costco, uso=MY BUSINESS, salarioMinimo=7000, salarioMaximo=2147483647, edadMinima=18, edadMaxima=75, fechaAlta=Tue Dec 14 22:10:47 CST 2021, fechaModificacion=null)
2021-12-14 22:10:47,971 INFO com.ibm.academia.banrul.repositories.CargaBaseDatos [restartedMain] Carga My business 4.1.1: TarjetaCredito(id=51, nombre=Best Buy Banamex, uso=MY BUSINESS, salarioMinimo=7000, salarioMaximo=2147483647, edadMinima=18, edadMaxima=75, fechaAlta=Tue Dec 14 22:10:47 CST 2021, fechaModificacion=null)
2021-12-14 22:10:47,971 INFO com.ibm.academia.banrul.repositories.CargaBaseDatos [restartedMain] Carga My business 4.1.1: TarjetaCredito(id=52, nombre=The Home Depot, uso=MY BUSINESS, salarioMinimo=7000, salarioMaximo=2147483647, edadMinima=18, edadMaxima=75, fechaAlta=Tue Dec 14 22:10:47 CST 2021, fechaModificacion=null)
2021-12-14 22:10:47,972 INFO com.ibm.academia.banrul.repositories.CargaBaseDatos [restartedMain] Carga Sports 5.1.1: TarjetaCredito(id=53, nombre=Martí Clasica Citibanamex, uso=SPORTS, salarioMinimo=7000, salarioMaximo=34999, edadMinima=18, edadMaxima=75, fechaAlta=Tue Dec 14 22:10:47 CST 2021, fechaModificacion=null)
2021-12-14 22:10:47,973 INFO com.ibm.academia.banrul.repositories.CargaBaseDatos [restartedMain] Carga Sports 5.1.1: TarjetaCredito(id=54, nombre=America Deporteismo, uso=SPORTS, salarioMinimo=7000, salarioMaximo=34999, edadMinima=18, edadMaxima=75, fechaAlta=Tue Dec 14 22:10:47 CST 2021, fechaModificacion=null)
2021-12-14 22:10:47,973 INFO com.ibm.academia.banrul.repositories.CargaBaseDatos [restartedMain] Carga Sports 5.1.1: TarjetaCredito(id=55, nombre=Pumas Deporteismo, uso=SPORTS, salarioMinimo=7000, salarioMaximo=34999, edadMinima=18, edadMaxima=75, fechaAlta=Tue Dec 14 22:10:47 CST 2021, fechaModificacion=null)
2021-12-14 22:10:47,974 INFO com.ibm.academia.banrul.repositories.CargaBaseDatos [restartedMain] Carga Sports 5.1.1: TarjetaCredito(id=56, nombre=Toluca Deporteismo, uso=SPORTS, salarioMinimo=7000, salarioMaximo=34999, edadMinima=18, edadMaxima=75, fechaAlta=Tue Dec 14 22:10:47 CST 2021, fechaModificacion=null)
2021-12-14 22:10:47,975 INFO com.ibm.academia.banrul.repositories.CargaBaseDatos [restartedMain] Carga Sports 5.1.1: TarjetaCredito(id=57, nombre=La Verde Deporteismo, uso=SPORTS, salarioMinimo=7000, salarioMaximo=34999, edadMinima=18, edadMaxima=75, fechaAlta=Tue Dec 14 22:10:47 CST 2021, fechaModificacion=null)
2021-12-14 22:10:47,975 INFO com.ibm.academia.banrul.repositories.CargaBaseDatos [restartedMain] Carga Sports 5.2.1: TarjetaCredito(id=58, nombre=Martí Clasica Citibanamex, uso=SPORTS, salarioMinimo=35000, salarioMaximo=2147483647, edadMinima=18, edadMaxima=75, fechaAlta=Tue Dec 14 22:10:47 CST 2021, fechaModificacion=null)
2021-12-14 22:10:47,976 INFO com.ibm.academia.banrul.repositories.CargaBaseDatos [restartedMain] Carga My style 6.1.1: TarjetaCredito(id=59, nombre=B*Smart, uso=MY STYLE, salarioMinimo=7000, salarioMaximo=14999, edadMinima=18, edadMaxima=32, fechaAlta=Tue Dec 14 22:10:47 CST 2021, fechaModificacion=null)
2021-12-14 22:10:47,977 INFO com.ibm.academia.banrul.repositories.CargaBaseDatos [restartedMain] Carga My style 6.1.1: TarjetaCredito(id=60, nombre=Afinity Card, uso=MY STYLE, salarioMinimo=7000, salarioMaximo=14999, edadMinima=18, edadMaxima=32, fechaAlta=Tue Dec 14 22:10:47 CST 2021, fechaModificacion=null)
2021-12-14 22:10:47,977 INFO com.ibm.academia.banrul.repositories.CargaBaseDatos [restartedMain] Carga My style 6.1.2: TarjetaCredito(id=61, nombre=B*Smart, uso=MY STYLE, salarioMinimo=7000, salarioMaximo=14999, edadMinima=33, edadMaxima=75, fechaAlta=Tue Dec 14 22:10:47 CST 2021, fechaModificacion=null)
2021-12-14 22:10:47,978 INFO com.ibm.academia.banrul.repositories.CargaBaseDatos [restartedMain] Carga My style 6.2.1: TarjetaCredito(id=62, nombre=B*Smart, uso=MY STYLE, salarioMinimo=15000, salarioMaximo=29999, edadMinima=18, edadMaxima=23, fechaAlta=Tue Dec 14 22:10:47 CST 2021, fechaModificacion=null)
2021-12-14 22:10:47,978 INFO com.ibm.academia.banrul.repositories.CargaBaseDatos [restartedMain] Carga My style 6.2.1: TarjetaCredito(id=63, nombre=Afinity Card, uso=MY STYLE, salarioMinimo=15000, salarioMaximo=29999, edadMinima=18, edadMaxima=23, fechaAlta=Tue Dec 14 22:10:47 CST 2021, fechaModificacion=null)
2021-12-14 22:10:47,980 INFO com.ibm.academia.banrul.repositories.CargaBaseDatos [restartedMain] Carga My style 6.2.2: TarjetaCredito(id=64, nombre=B*Smart, uso=MY STYLE, salarioMinimo=15000, salarioMaximo=29999, edadMinima=24, edadMaxima=32, fechaAlta=Tue Dec 14 22:10:47 CST 2021, fechaModificacion=null)
2021-12-14 22:10:47,981 INFO com.ibm.academia.banrul.repositories.CargaBaseDatos [restartedMain] Carga My style 6.2.2: TarjetaCredito(id=65, nombre=Oro, uso=MY STYLE, salarioMinimo=15000, salarioMaximo=29999, edadMinima=24, edadMaxima=32, fechaAlta=Tue Dec 14 22:10:47 CST 2021, fechaModificacion=null)
2021-12-14 22:10:47,982 INFO com.ibm.academia.banrul.repositories.CargaBaseDatos [restartedMain] Carga My style 6.2.2: TarjetaCredito(id=66, nombre=Afinity Card, uso=MY STYLE, salarioMinimo=15000, salarioMaximo=29999, edadMinima=24, edadMaxima=32, fechaAlta=Tue Dec 14 22:10:47 CST 2021, fechaModificacion=null)
2021-12-14 22:10:47,983 INFO com.ibm.academia.banrul.repositories.CargaBaseDatos [restartedMain] Carga My style 6.2.3: TarjetaCredito(id=67, nombre=Oro, uso=MY STYLE, salarioMinimo=15000, salarioMaximo=29999, edadMinima=33, edadMaxima=75, fechaAlta=Tue Dec 14 22:10:47 CST 2021, fechaModificacion=null)
2021-12-14 22:10:47,984 INFO com.ibm.academia.banrul.repositories.CargaBaseDatos [restartedMain] Carga My style 6.3.1: TarjetaCredito(id=68, nombre=B*Smart, uso=MY STYLE, salarioMinimo=30000, salarioMaximo=34999, edadMinima=18, edadMaxima=23, fechaAlta=Tue Dec 14 22:10:47 CST 2021, fechaModificacion=null)
2021-12-14 22:10:47,984 INFO com.ibm.academia.banrul.repositories.CargaBaseDatos [restartedMain] Carga My style 6.3.1: TarjetaCredito(id=69, nombre=Afinity Card, uso=MY STYLE, salarioMinimo=30000, salarioMaximo=34999, edadMinima=18, edadMaxima=23, fechaAlta=Tue Dec 14 22:10:47 CST 2021, fechaModificacion=null)
2021-12-14 22:10:47,985 INFO com.ibm.academia.banrul.repositories.CargaBaseDatos [restartedMain] Carga My style 6.3.2: TarjetaCredito(id=70, nombre=B*Smart, uso=MY STYLE, salarioMinimo=30000, salarioMaximo=34999, edadMinima=24, edadMaxima=32, fechaAlta=Tue Dec 14 22:10:47 CST 2021, fechaModificacion=null)
2021-12-14 22:10:47,985 INFO com.ibm.academia.banrul.repositories.CargaBaseDatos [restartedMain] Carga My style 6.3.2: TarjetaCredito(id=71, nombre=Platinum, uso=MY STYLE, salarioMinimo=30000, salarioMaximo=34999, edadMinima=24, edadMaxima=32, fechaAlta=Tue Dec 14 22:10:47 CST 2021, fechaModificacion=null)
2021-12-14 22:10:47,986 INFO com.ibm.academia.banrul.repositories.CargaBaseDatos [restartedMain] Carga My style 6.3.2: TarjetaCredito(id=72, nombre=Afinity Card, uso=MY STYLE, salarioMinimo=30000, salarioMaximo=34999, edadMinima=24, edadMaxima=32, fechaAlta=Tue Dec 14 22:10:47 CST 2021, fechaModificacion=null)
2021-12-14 22:10:47,987 INFO com.ibm.academia.banrul.repositories.CargaBaseDatos [restartedMain] Carga My style 6.3.2: TarjetaCredito(id=73, nombre=Platinum, uso=MY STYLE, salarioMinimo=30000, salarioMaximo=34999, edadMinima=33, edadMaxima=75, fechaAlta=Tue Dec 14 22:10:47 CST 2021, fechaModificacion=null)
2021-12-14 22:10:47,987 INFO com.ibm.academia.banrul.repositories.CargaBaseDatos [restartedMain] Carga My style 6.4.1: TarjetaCredito(id=74, nombre=B*Smart, uso=MY STYLE, salarioMinimo=35000, salarioMaximo=2147483647, edadMinima=18, edadMaxima=23, fechaAlta=Tue Dec 14 22:10:47 CST 2021, fechaModificacion=null)
2021-12-14 22:10:47,988 INFO com.ibm.academia.banrul.repositories.CargaBaseDatos [restartedMain] Carga My style 6.4.2: TarjetaCredito(id=75, nombre=B*Smart, uso=MY STYLE, salarioMinimo=35000, salarioMaximo=2147483647, edadMinima=24, edadMaxima=75, fechaAlta=Tue Dec 14 22:10:47 CST 2021, fechaModificacion=null)
2021-12-14 22:10:47,988 INFO com.ibm.academia.banrul.repositories.CargaBaseDatos [restartedMain] Carga My style 6.4.2: TarjetaCredito(id=76, nombre=Platinum, uso=MY STYLE, salarioMinimo=35000, salarioMaximo=2147483647, edadMinima=24, edadMaxima=75, fechaAlta=Tue Dec 14 22:10:47 CST 2021, fechaModificacion=null)
2021-12-14 22:10:56,390 INFO org.apache.catalina.core.ContainerBase.[Tomcat].[localhost].[/] [http-nio-8081-exec-1] Initializing Spring DispatcherServlet 'dispatcherServlet'
2021-12-14 22:10:56,390 INFO org.springframework.web.servlet.DispatcherServlet [http-nio-8081-exec-1] Initializing Servlet 'dispatcherServlet'
2021-12-14 22:10:56,391 INFO org.springframework.web.servlet.DispatcherServlet [http-nio-8081-exec-1] Completed initialization in 1 ms
2021-12-14 22:10:56,467 WARN org.springframework.web.servlet.mvc.method.annotation.ExceptionHandlerExceptionResolver [http-nio-8081-exec-1] Resolved [com.ibm.academia.banrul.exceptions.NotFoundException: No contamos con una tarjeta de credito adecuanda a tus necesidades: SHOPPINGS, salario: 12000 y edad: 34]
2021-12-14 22:10:57,619 WARN org.springframework.web.servlet.mvc.method.annotation.ExceptionHandlerExceptionResolver [http-nio-8081-exec-3] Resolved [com.ibm.academia.banrul.exceptions.NotFoundException: No contamos con una tarjeta adecuanda a tus necesidades: SHOPPINGS, salario: 12000 y edad: 34]
2021-12-14 22:16:18,395 INFO org.springframework.boot.admin.SpringApplicationAdminMXBeanRegistrar$SpringApplicationAdmin [RMI TCP Connection(15)-127.0.0.1] Application shutdown requested.
2021-12-14 22:16:20,431 INFO org.springframework.orm.jpa.LocalContainerEntityManagerFactoryBean [RMI TCP Connection(15)-127.0.0.1] Closing JPA EntityManagerFactory for persistence unit 'default'
2021-12-14 22:16:20,431 INFO org.hibernate.tool.schema.internal.SchemaDropperImpl$DelayedDropActionImpl [RMI TCP Connection(15)-127.0.0.1] HHH000477: Starting delayed evictData of schema as part of SessionFactory shut-down'
2021-12-14 22:16:20,637 WARN org.springframework.beans.factory.support.DisposableBeanAdapter [RMI TCP Connection(15)-127.0.0.1] Invocation of destroy method failed on bean with name 'inMemoryDatabaseShutdownExecutor': org.h2.jdbc.JdbcSQLNonTransientConnectionException: La base de datos ya esta cerrada (para des-habilitar el cerrado automatico durante el shutdown de la VM, agregue ";DB_CLOSE_ON_EXIT=FALSE" a la URL de conexión)
Database is already closed (to disable automatic closing at VM shutdown, add ";DB_CLOSE_ON_EXIT=FALSE" to the db URL) [90121-200]
2021-12-14 22:16:20,638 INFO com.zaxxer.hikari.HikariDataSource [RMI TCP Connection(15)-127.0.0.1] HikariPool-1 - Shutdown initiated...
2021-12-14 22:16:20,639 INFO com.zaxxer.hikari.HikariDataSource [RMI TCP Connection(15)-127.0.0.1] HikariPool-1 - Shutdown completed.
